2016/08/26 15:15:51 INFO  - jmeter.util.JMeterUtils: Setting Locale to en_US 
2016/08/26 15:15:51 INFO  - jmeter.JMeter: Loading user properties from: /Users/grogu01/work/jmeter/apache-jmeter-2.11/bin/user.properties 
2016/08/26 15:15:51 INFO  - jmeter.JMeter: Loading system properties from: /Users/grogu01/work/jmeter/apache-jmeter-2.11/bin/system.properties 
2016/08/26 15:15:51 INFO  - jmeter.JMeter: Copyright (c) 1998-2014 The Apache Software Foundation 
2016/08/26 15:15:51 INFO  - jmeter.JMeter: Version 2.11 r1554548 
2016/08/26 15:15:51 INFO  - jmeter.JMeter: java.version=1.8.0_45 
2016/08/26 15:15:51 INFO  - jmeter.JMeter: java.vm.name=Java HotSpot(TM) 64-Bit Server VM 
2016/08/26 15:15:51 INFO  - jmeter.JMeter: os.name=Mac OS X 
2016/08/26 15:15:51 INFO  - jmeter.JMeter: os.arch=x86_64 
2016/08/26 15:15:51 INFO  - jmeter.JMeter: os.version=10.11.6 
2016/08/26 15:15:51 INFO  - jmeter.JMeter: file.encoding=UTF-8 
2016/08/26 15:15:51 INFO  - jmeter.JMeter: Default Locale=English (United States) 
2016/08/26 15:15:51 INFO  - jmeter.JMeter: JMeter  Locale=English (United States) 
2016/08/26 15:15:51 INFO  - jmeter.JMeter: JMeterHome=/Users/grogu01/work/jmeter/apache-jmeter-2.11 
2016/08/26 15:15:51 INFO  - jmeter.JMeter: user.dir  =/Users/grogu01/git/node-typeview/ext/xmltv 
2016/08/26 15:15:51 INFO  - jmeter.JMeter: PWD       =/Users/grogu01/git/node-typeview/ext/xmltv 
2016/08/26 15:15:52 INFO  - jmeter.JMeter: IP: 172.19.131.140 Name: GROGU01mac1226 FullName: 172.19.131.140 
2016/08/26 15:15:52 INFO  - jmeter.JMeter: Loaded icon properties from org/apache/jmeter/images/icon.properties 
2016/08/26 15:15:55 INFO  - jmeter.engine.util.CompoundVariable: Note: Function class names must contain the string: '.functions.' 
2016/08/26 15:15:55 INFO  - jmeter.engine.util.CompoundVariable: Note: Function class names must not contain the string: '.gui.' 
2016/08/26 15:15:55 INFO  - jmeter.gui.action.LookAndFeelCommand: Using look and feel: com.apple.laf.AquaLookAndFeel [Mac OS X, System] 
2016/08/26 15:15:56 INFO  - jmeter.util.BSFTestElement: Registering JMeter version of JavaScript engine as work-round for BSF-22 
2016/08/26 15:15:56 INFO  - jmeter.protocol.http.sampler.HTTPSamplerBase: Cannot find .className property for htmlParser, using default 
2016/08/26 15:15:56 INFO  - jmeter.protocol.http.sampler.HTTPSamplerBase: Parser for text/html is  
2016/08/26 15:15:56 INFO  - jmeter.protocol.http.sampler.HTTPSamplerBase: Parser for application/xhtml+xml is  
2016/08/26 15:15:56 INFO  - jmeter.protocol.http.sampler.HTTPSamplerBase: Parser for application/xml is  
2016/08/26 15:15:56 INFO  - jmeter.protocol.http.sampler.HTTPSamplerBase: Parser for text/xml is  
2016/08/26 15:15:56 INFO  - jmeter.protocol.http.sampler.HTTPSamplerBase: Parser for text/vnd.wap.wml is org.apache.jmeter.protocol.http.parser.RegexpHTMLParser 
2016/08/26 15:15:56 INFO  - jmeter.gui.util.MenuFactory: Skipping org.apache.jmeter.protocol.http.control.gui.WebServiceSamplerGui 
2016/08/26 15:15:56 INFO  - jmeter.gui.util.MenuFactory: Skipping org.apache.jmeter.protocol.http.modifier.gui.ParamModifierGui 
2016/08/26 15:15:56 INFO  - jorphan.exec.KeyToolUtils: keytool found at 'keytool' 
2016/08/26 15:15:56 INFO  - jmeter.protocol.http.proxy.ProxyControl: HTTP(S) Test Script Recorder SSL Proxy will use keys that support embedded 3rd party resources in file /Users/grogu01/work/jmeter/apache-jmeter-2.11/bin/proxyserver.jks 
2016/08/26 15:15:57 INFO  - jmeter.samplers.SampleResult: Note: Sample TimeStamps are START times 
2016/08/26 15:15:57 INFO  - jmeter.samplers.SampleResult: sampleresult.default.encoding is set to ISO-8859-1 
2016/08/26 15:15:57 INFO  - jmeter.samplers.SampleResult: sampleresult.useNanoTime=true 
2016/08/26 15:15:57 INFO  - jmeter.samplers.SampleResult: sampleresult.nanoThreadSleep=5000 
2016/08/26 15:16:11 INFO  - jmeter.services.FileServer: Default base='/Users/grogu01/git/node-typeview/ext/xmltv' 
2016/08/26 15:16:11 INFO  - jmeter.gui.action.Load: Loading file: /Users/grogu01/git/tixchange-docker/scripts/TixchangeNode.jmx 
2016/08/26 15:16:11 INFO  - jmeter.services.FileServer: Set new base='/Users/grogu01/git/tixchange-docker/scripts' 
2016/08/26 15:16:11 INFO  - jmeter.save.SaveService: Testplan (JMX) version: 2.2. Testlog (JTL) version: 2.2 
2016/08/26 15:16:11 INFO  - jmeter.save.SaveService: Using SaveService properties file encoding UTF-8 
2016/08/26 15:16:11 INFO  - jmeter.save.SaveService: Using SaveService properties version 2.6 
2016/08/26 15:16:11 INFO  - jmeter.save.SaveService: Using SaveService properties file version 1554411 
2016/08/26 15:16:11 INFO  - jmeter.save.SaveService: All converter versions present and correct 
2016/08/26 15:16:11 INFO  - jmeter.protocol.http.control.CookieManager: Settings: Delete null: true Check: true Allow variable: true Save: false Prefix: COOKIE_ 
2016/08/26 15:16:11 INFO  - jmeter.services.FileServer: Set new base='/Users/grogu01/git/tixchange-docker/scripts' 
2016/08/26 15:16:21 INFO  - jmeter.engine.StandardJMeterEngine: Listeners will be started after enabling running version 
2016/08/26 15:16:21 INFO  - jmeter.engine.StandardJMeterEngine: To revert to the earlier behaviour, define jmeterengine.startlistenerslater=false 
2016/08/26 15:16:21 INFO  - jmeter.engine.StandardJMeterEngine: Running the test! 
2016/08/26 15:16:21 INFO  - jmeter.samplers.SampleEvent: List of sample_variables: [] 
2016/08/26 15:16:21 INFO  - jmeter.samplers.SampleEvent: List of sample_variables: [] 
2016/08/26 15:16:21 INFO  - jmeter.gui.util.JMeterMenuBar: setRunning(true,*local*) 
2016/08/26 15:16:21 INFO  - jmeter.engine.StandardJMeterEngine: Starting ThreadGroup: 1 : Thread Group 
2016/08/26 15:16:21 INFO  - jmeter.engine.StandardJMeterEngine: Starting 10 threads for group Thread Group. 
2016/08/26 15:16:21 INFO  - jmeter.engine.StandardJMeterEngine: Thread will start next loop on error 
2016/08/26 15:16:21 INFO  - jmeter.threads.ThreadGroup: Starting thread group number 1 threads 10 ramp-up 60 perThread 6000.0 delayedStart=false 
2016/08/26 15:16:21 INFO  - jmeter.threads.JMeterThread: jmeterthread.startearlier=true (see jmeter.properties) 
2016/08/26 15:16:21 INFO  - jmeter.threads.JMeterThread: Running PostProcessors in forward order 
2016/08/26 15:16:21 INFO  - jmeter.threads.JMeterThread: Thread started: Thread Group 1-1 
2016/08/26 15:16:21 INFO  - jmeter.services.FileServer: Stored: jt_hosts.csv 
2016/08/26 15:16:21 INFO  - jmeter.services.FileServer: Stored: jt_node.csv 
2016/08/26 15:16:21 INFO  - jmeter.threads.ThreadGroup: Started thread group number 1 
2016/08/26 15:16:21 INFO  - jmeter.engine.StandardJMeterEngine: Starting ThreadGroup: 2 : Thread Group 
2016/08/26 15:16:21 INFO  - jmeter.engine.StandardJMeterEngine: Starting 0 threads for group Thread Group. 
2016/08/26 15:16:21 INFO  - jmeter.engine.StandardJMeterEngine: Thread will continue on error 
2016/08/26 15:16:21 INFO  - jmeter.threads.ThreadGroup: Starting thread group number 2 threads 0 ramp-up 1 perThread Infinity delayedStart=false 
2016/08/26 15:16:21 INFO  - jmeter.threads.ThreadGroup: Started thread group number 2 
2016/08/26 15:16:21 INFO  - jmeter.engine.StandardJMeterEngine: All thread groups have been started 
2016/08/26 15:16:21 INFO  - jmeter.protocol.http.sampler.HTTPHCAbstractImpl: Local host = GROGU01mac1226 
2016/08/26 15:16:21 INFO  - jmeter.protocol.http.sampler.HTTPHC4Impl: HTTP request retry count = 0 
2016/08/26 15:16:21 INFO  - jmeter.protocol.http.sampler.HTTPHC4Impl: Setting up HTTPS TrustAll scheme 
2016/08/26 15:16:21 INFO  - jmeter.util.JsseSSLManager: Using default SSL protocol: TLS 
2016/08/26 15:16:21 INFO  - jmeter.util.JsseSSLManager: SSL session context: per-thread 
2016/08/26 15:16:21 INFO  - jmeter.protocol.http.parser.HTMLParser: Created org.apache.jmeter.protocol.http.parser.LagartoBasedHtmlParser 
2016/08/26 15:16:22 INFO  - jmeter.util.SSLManager: JmeterKeyStore Location:  type JKS 
2016/08/26 15:16:22 INFO  - jmeter.util.SSLManager: KeyStore created OK 
2016/08/26 15:16:22 WARN  - jmeter.util.SSLManager: Keystore file not found, loading empty keystore 
2016/08/26 15:16:27 INFO  - jmeter.threads.JMeterThread: Thread started: Thread Group 1-2 
2016/08/26 15:16:33 INFO  - jmeter.threads.JMeterThread: Thread started: Thread Group 1-3 
2016/08/26 15:16:39 INFO  - jmeter.threads.JMeterThread: Thread started: Thread Group 1-4 
2016/08/26 15:16:45 INFO  - jmeter.threads.JMeterThread: Thread started: Thread Group 1-5 
2016/08/26 15:16:51 INFO  - jmeter.threads.JMeterThread: Thread started: Thread Group 1-6 
2016/08/26 15:16:57 INFO  - jmeter.threads.JMeterThread: Thread started: Thread Group 1-7 
2016/08/26 15:17:00 INFO  - jmeter.gui.action.Start: Stopping test 
2016/08/26 15:17:00 INFO  - jmeter.threads.JMeterThread: Stopping: Thread Group 1-1 
2016/08/26 15:17:00 INFO  - jmeter.threads.JMeterThread: Stopping: Thread Group 1-8 
2016/08/26 15:17:00 INFO  - jmeter.threads.JMeterThread: Stopping: Thread Group 1-9 
2016/08/26 15:17:00 INFO  - jmeter.threads.JMeterThread: Stopping: Thread Group 1-2 
2016/08/26 15:17:00 INFO  - jmeter.threads.JMeterThread: Thread started: Thread Group 1-8 
2016/08/26 15:17:00 WARN  - jmeter.threads.JMeterThread: The delay timer was interrupted - probably did not wait as long as intended. 
2016/08/26 15:17:00 INFO  - jmeter.threads.JMeterThread: Stopping: Thread Group 1-6 
2016/08/26 15:17:00 INFO  - jmeter.threads.JMeterThread: Thread finished: Thread Group 1-8 
2016/08/26 15:17:00 INFO  - jmeter.threads.JMeterThread: Thread started: Thread Group 1-9 
2016/08/26 15:17:00 WARN  - jmeter.threads.JMeterThread: The delay timer was interrupted - probably did not wait as long as intended. 
2016/08/26 15:17:00 INFO  - jmeter.threads.JMeterThread: Thread finished: Thread Group 1-9 
2016/08/26 15:17:00 WARN  - jmeter.threads.JMeterThread: The delay timer was interrupted - probably did not wait as long as intended. 
2016/08/26 15:17:00 INFO  - jmeter.threads.JMeterThread: Stopping: Thread Group 1-7 
2016/08/26 15:17:00 WARN  - jmeter.threads.JMeterThread: Interrupting: Thread Group 1-7 sampler: / 
2016/08/26 15:17:00 WARN  - jmeter.threads.JMeterThread: No operation pending 
2016/08/26 15:17:00 INFO  - jmeter.threads.JMeterThread: Stopping: Thread Group 1-3 
2016/08/26 15:17:00 INFO  - jmeter.threads.JMeterThread: Stopping: Thread Group 1-4 
2016/08/26 15:17:00 WARN  - jmeter.threads.JMeterThread: The delay timer was interrupted - probably did not wait as long as intended. 
2016/08/26 15:17:00 WARN  - jmeter.threads.JMeterThread: Interrupting: Thread Group 1-4 sampler: / 
2016/08/26 15:17:00 WARN  - jmeter.threads.JMeterThread: No operation pending 
2016/08/26 15:17:00 WARN  - jmeter.protocol.http.sampler.HTTPSamplerBase: Interruped fetching embedded resources java.lang.InterruptedException
	at java.util.concurrent.FutureTask.awaitDone(FutureTask.java:404)
	at java.util.concurrent.FutureTask.get(FutureTask.java:191)
	at java.util.concurrent.AbstractExecutorService.invokeAll(AbstractExecutorService.java:244)
	at org.apache.jmeter.protocol.http.sampler.HTTPSamplerBase.downloadPageResources(HTTPSamplerBase.java:1270)
	at org.apache.jmeter.protocol.http.sampler.HTTPSamplerBase.resultProcessing(HTTPSamplerBase.java:1501)
	at org.apache.jmeter.protocol.http.sampler.HTTPAbstractImpl.resultProcessing(HTTPAbstractImpl.java:306)
	at org.apache.jmeter.protocol.http.sampler.HTTPHC4Impl.sample(HTTPHC4Impl.java:387)
	at org.apache.jmeter.protocol.http.sampler.HTTPSamplerProxy.sample(HTTPSamplerProxy.java:74)
	at org.apache.jmeter.protocol.http.sampler.HTTPSamplerBase.sample(HTTPSamplerBase.java:1105)
	at org.apache.jmeter.protocol.http.sampler.HTTPSamplerBase.sample(HTTPSamplerBase.java:1094)
	at org.apache.jmeter.threads.JMeterThread.process_sampler(JMeterThread.java:429)
	at org.apache.jmeter.threads.JMeterThread.run(JMeterThread.java:257)
	at java.lang.Thread.run(Thread.java:745)

2016/08/26 15:17:00 WARN  - jmeter.protocol.http.sampler.HTTPSamplerBase: Interruped fetching embedded resources java.lang.InterruptedException
	at java.util.concurrent.FutureTask.awaitDone(FutureTask.java:404)
	at java.util.concurrent.FutureTask.get(FutureTask.java:191)
	at java.util.concurrent.AbstractExecutorService.invokeAll(AbstractExecutorService.java:244)
	at org.apache.jmeter.protocol.http.sampler.HTTPSamplerBase.downloadPageResources(HTTPSamplerBase.java:1270)
	at org.apache.jmeter.protocol.http.sampler.HTTPSamplerBase.resultProcessing(HTTPSamplerBase.java:1501)
	at org.apache.jmeter.protocol.http.sampler.HTTPAbstractImpl.resultProcessing(HTTPAbstractImpl.java:306)
	at org.apache.jmeter.protocol.http.sampler.HTTPHC4Impl.sample(HTTPHC4Impl.java:387)
	at org.apache.jmeter.protocol.http.sampler.HTTPSamplerProxy.sample(HTTPSamplerProxy.java:74)
	at org.apache.jmeter.protocol.http.sampler.HTTPSamplerBase.sample(HTTPSamplerBase.java:1105)
	at org.apache.jmeter.protocol.http.sampler.HTTPSamplerBase.sample(HTTPSamplerBase.java:1094)
	at org.apache.jmeter.threads.JMeterThread.process_sampler(JMeterThread.java:429)
	at org.apache.jmeter.threads.JMeterThread.run(JMeterThread.java:257)
	at java.lang.Thread.run(Thread.java:745)

2016/08/26 15:17:00 INFO  - jmeter.threads.JMeterThread: Thread finished: Thread Group 1-7 
2016/08/26 15:17:00 INFO  - jmeter.threads.JMeterThread: Stopping: Thread Group 1-10 
2016/08/26 15:17:00 INFO  - jmeter.threads.JMeterThread: Thread finished: Thread Group 1-4 
2016/08/26 15:17:00 INFO  - jmeter.threads.JMeterThread: Thread started: Thread Group 1-10 
2016/08/26 15:17:00 INFO  - jmeter.threads.JMeterThread: Stopping: Thread Group 1-5 
2016/08/26 15:17:00 WARN  - jmeter.threads.JMeterThread: Interrupting: Thread Group 1-5 sampler: / 
2016/08/26 15:17:00 WARN  - jmeter.threads.JMeterThread: No operation pending 
2016/08/26 15:17:00 INFO  - jmeter.threads.JMeterThread: Thread finished: Thread Group 1-10 
2016/08/26 15:17:00 WARN  - jmeter.protocol.http.sampler.HTTPSamplerBase: Interruped fetching embedded resources java.lang.InterruptedException
	at java.util.concurrent.FutureTask.awaitDone(FutureTask.java:404)
	at java.util.concurrent.FutureTask.get(FutureTask.java:191)
	at java.util.concurrent.AbstractExecutorService.invokeAll(AbstractExecutorService.java:244)
	at org.apache.jmeter.protocol.http.sampler.HTTPSamplerBase.downloadPageResources(HTTPSamplerBase.java:1270)
	at org.apache.jmeter.protocol.http.sampler.HTTPSamplerBase.resultProcessing(HTTPSamplerBase.java:1501)
	at org.apache.jmeter.protocol.http.sampler.HTTPAbstractImpl.resultProcessing(HTTPAbstractImpl.java:306)
	at org.apache.jmeter.protocol.http.sampler.HTTPHC4Impl.sample(HTTPHC4Impl.java:387)
	at org.apache.jmeter.protocol.http.sampler.HTTPSamplerProxy.sample(HTTPSamplerProxy.java:74)
	at org.apache.jmeter.protocol.http.sampler.HTTPSamplerBase.sample(HTTPSamplerBase.java:1105)
	at org.apache.jmeter.protocol.http.sampler.HTTPSamplerBase.sample(HTTPSamplerBase.java:1094)
	at org.apache.jmeter.threads.JMeterThread.process_sampler(JMeterThread.java:429)
	at org.apache.jmeter.threads.JMeterThread.run(JMeterThread.java:257)
	at java.lang.Thread.run(Thread.java:745)

2016/08/26 15:17:00 INFO  - jmeter.threads.JMeterThread: Thread finished: Thread Group 1-5 
2016/08/26 15:17:00 INFO  - jmeter.threads.JMeterThread: Thread finished: Thread Group 1-1 
2016/08/26 15:17:00 INFO  - jmeter.threads.JMeterThread: Thread finished: Thread Group 1-2 
2016/08/26 15:17:00 INFO  - jmeter.threads.JMeterThread: Thread finished: Thread Group 1-6 
2016/08/26 15:17:00 INFO  - jmeter.threads.JMeterThread: Thread finished: Thread Group 1-3 
2016/08/26 15:17:00 INFO  - jmeter.engine.StandardJMeterEngine: Notifying test listeners of end of test 
2016/08/26 15:17:00 INFO  - jmeter.services.FileServer: Close: jt_node.csv 
2016/08/26 15:17:00 INFO  - jmeter.services.FileServer: Close: jt_hosts.csv 
2016/08/26 15:17:00 INFO  - jmeter.gui.util.JMeterMenuBar: setRunning(false,*local*) 
2016/08/26 15:17:02 INFO  - jmeter.engine.StandardJMeterEngine: Running the test! 
2016/08/26 15:17:02 INFO  - jmeter.samplers.SampleEvent: List of sample_variables: [] 
2016/08/26 15:17:02 INFO  - jmeter.gui.util.JMeterMenuBar: setRunning(true,*local*) 
2016/08/26 15:17:02 INFO  - jmeter.engine.StandardJMeterEngine: Starting ThreadGroup: 1 : Thread Group 
2016/08/26 15:17:02 INFO  - jmeter.engine.StandardJMeterEngine: Starting 10 threads for group Thread Group. 
2016/08/26 15:17:02 INFO  - jmeter.engine.StandardJMeterEngine: Thread will start next loop on error 
2016/08/26 15:17:02 INFO  - jmeter.threads.ThreadGroup: Starting thread group number 1 threads 10 ramp-up 60 perThread 6000.0 delayedStart=false 
2016/08/26 15:17:02 INFO  - jmeter.threads.JMeterThread: Thread started: Thread Group 1-1 
2016/08/26 15:17:02 INFO  - jmeter.services.FileServer: Stored: jt_hosts.csv 
2016/08/26 15:17:02 INFO  - jmeter.services.FileServer: Stored: jt_node.csv 
2016/08/26 15:17:02 INFO  - jmeter.threads.ThreadGroup: Started thread group number 1 
2016/08/26 15:17:02 INFO  - jmeter.engine.StandardJMeterEngine: Starting ThreadGroup: 2 : Thread Group 
2016/08/26 15:17:02 INFO  - jmeter.engine.StandardJMeterEngine: Starting 0 threads for group Thread Group. 
2016/08/26 15:17:02 INFO  - jmeter.engine.StandardJMeterEngine: Thread will continue on error 
2016/08/26 15:17:02 INFO  - jmeter.threads.ThreadGroup: Starting thread group number 2 threads 0 ramp-up 1 perThread Infinity delayedStart=false 
2016/08/26 15:17:02 INFO  - jmeter.threads.ThreadGroup: Started thread group number 2 
2016/08/26 15:17:02 INFO  - jmeter.engine.StandardJMeterEngine: All thread groups have been started 
2016/08/26 15:17:08 INFO  - jmeter.threads.JMeterThread: Thread started: Thread Group 1-2 
2016/08/26 15:17:14 INFO  - jmeter.threads.JMeterThread: Thread started: Thread Group 1-3 
2016/08/26 15:17:20 INFO  - jmeter.threads.JMeterThread: Thread started: Thread Group 1-4 
2016/08/26 15:17:21 INFO  - jmeter.gui.action.Start: Stopping test 
2016/08/26 15:17:21 INFO  - jmeter.threads.JMeterThread: Stopping: Thread Group 1-2 
2016/08/26 15:17:21 INFO  - jmeter.threads.JMeterThread: Stopping: Thread Group 1-5 
2016/08/26 15:17:21 INFO  - jmeter.threads.JMeterThread: Stopping: Thread Group 1-10 
2016/08/26 15:17:21 WARN  - jmeter.threads.JMeterThread: The delay timer was interrupted - probably did not wait as long as intended. 
2016/08/26 15:17:21 INFO  - jmeter.threads.JMeterThread: Stopping: Thread Group 1-7 
2016/08/26 15:17:21 INFO  - jmeter.threads.JMeterThread: Thread started: Thread Group 1-10 
2016/08/26 15:17:21 INFO  - jmeter.threads.JMeterThread: Thread started: Thread Group 1-7 
2016/08/26 15:17:21 INFO  - jmeter.threads.JMeterThread: Thread started: Thread Group 1-5 
2016/08/26 15:17:21 INFO  - jmeter.threads.JMeterThread: Thread finished: Thread Group 1-10 
2016/08/26 15:17:21 INFO  - jmeter.threads.JMeterThread: Thread finished: Thread Group 1-5 
2016/08/26 15:17:21 INFO  - jmeter.threads.JMeterThread: Stopping: Thread Group 1-1 
2016/08/26 15:17:21 WARN  - jmeter.threads.JMeterThread: Interrupting: Thread Group 1-1 sampler: / 
2016/08/26 15:17:21 INFO  - jmeter.threads.JMeterThread: Thread finished: Thread Group 1-7 
2016/08/26 15:17:21 WARN  - jmeter.threads.JMeterThread: No operation pending 
2016/08/26 15:17:21 INFO  - jmeter.threads.JMeterThread: Stopping: Thread Group 1-4 
2016/08/26 15:17:21 WARN  - jmeter.threads.JMeterThread: Interrupting: Thread Group 1-4 sampler: / 
2016/08/26 15:17:21 WARN  - jmeter.threads.JMeterThread: No operation pending 
2016/08/26 15:17:21 WARN  - jmeter.protocol.http.sampler.HTTPSamplerBase: Interruped fetching embedded resources java.lang.InterruptedException
	at java.util.concurrent.FutureTask.awaitDone(FutureTask.java:404)
	at java.util.concurrent.FutureTask.get(FutureTask.java:191)
	at java.util.concurrent.AbstractExecutorService.invokeAll(AbstractExecutorService.java:244)
	at org.apache.jmeter.protocol.http.sampler.HTTPSamplerBase.downloadPageResources(HTTPSamplerBase.java:1270)
	at org.apache.jmeter.protocol.http.sampler.HTTPSamplerBase.resultProcessing(HTTPSamplerBase.java:1501)
	at org.apache.jmeter.protocol.http.sampler.HTTPAbstractImpl.resultProcessing(HTTPAbstractImpl.java:306)
	at org.apache.jmeter.protocol.http.sampler.HTTPHC4Impl.sample(HTTPHC4Impl.java:387)
	at org.apache.jmeter.protocol.http.sampler.HTTPSamplerProxy.sample(HTTPSamplerProxy.java:74)
	at org.apache.jmeter.protocol.http.sampler.HTTPSamplerBase.sample(HTTPSamplerBase.java:1105)
	at org.apache.jmeter.protocol.http.sampler.HTTPSamplerBase.sample(HTTPSamplerBase.java:1094)
	at org.apache.jmeter.threads.JMeterThread.process_sampler(JMeterThread.java:429)
	at org.apache.jmeter.threads.JMeterThread.run(JMeterThread.java:257)
	at java.lang.Thread.run(Thread.java:745)

2016/08/26 15:17:21 WARN  - jmeter.protocol.http.sampler.HTTPSamplerBase: Interruped fetching embedded resources java.lang.InterruptedException
	at java.util.concurrent.FutureTask.awaitDone(FutureTask.java:404)
	at java.util.concurrent.FutureTask.get(FutureTask.java:191)
	at java.util.concurrent.AbstractExecutorService.invokeAll(AbstractExecutorService.java:244)
	at org.apache.jmeter.protocol.http.sampler.HTTPSamplerBase.downloadPageResources(HTTPSamplerBase.java:1270)
	at org.apache.jmeter.protocol.http.sampler.HTTPSamplerBase.resultProcessing(HTTPSamplerBase.java:1501)
	at org.apache.jmeter.protocol.http.sampler.HTTPAbstractImpl.resultProcessing(HTTPAbstractImpl.java:306)
	at org.apache.jmeter.protocol.http.sampler.HTTPHC4Impl.sample(HTTPHC4Impl.java:387)
	at org.apache.jmeter.protocol.http.sampler.HTTPSamplerProxy.sample(HTTPSamplerProxy.java:74)
	at org.apache.jmeter.protocol.http.sampler.HTTPSamplerBase.sample(HTTPSamplerBase.java:1105)
	at org.apache.jmeter.protocol.http.sampler.HTTPSamplerBase.sample(HTTPSamplerBase.java:1094)
	at org.apache.jmeter.threads.JMeterThread.process_sampler(JMeterThread.java:429)
	at org.apache.jmeter.threads.JMeterThread.run(JMeterThread.java:257)
	at java.lang.Thread.run(Thread.java:745)

2016/08/26 15:17:21 INFO  - jmeter.threads.JMeterThread: Stopping: Thread Group 1-6 
2016/08/26 15:17:21 INFO  - jmeter.threads.JMeterThread: Stopping: Thread Group 1-3 
2016/08/26 15:17:21 INFO  - jmeter.threads.JMeterThread: Thread started: Thread Group 1-6 
2016/08/26 15:17:21 WARN  - jmeter.threads.JMeterThread: Interrupting: Thread Group 1-3 sampler: / 
2016/08/26 15:17:21 INFO  - jmeter.threads.JMeterThread: Thread finished: Thread Group 1-6 
2016/08/26 15:17:21 WARN  - jmeter.threads.JMeterThread: No operation pending 
2016/08/26 15:17:21 INFO  - jmeter.threads.JMeterThread: Stopping: Thread Group 1-8 
2016/08/26 15:17:21 WARN  - jmeter.protocol.http.sampler.HTTPSamplerBase: Interruped fetching embedded resources java.lang.InterruptedException
	at java.util.concurrent.FutureTask.awaitDone(FutureTask.java:404)
	at java.util.concurrent.FutureTask.get(FutureTask.java:191)
	at java.util.concurrent.AbstractExecutorService.invokeAll(AbstractExecutorService.java:244)
	at org.apache.jmeter.protocol.http.sampler.HTTPSamplerBase.downloadPageResources(HTTPSamplerBase.java:1270)
	at org.apache.jmeter.protocol.http.sampler.HTTPSamplerBase.resultProcessing(HTTPSamplerBase.java:1501)
	at org.apache.jmeter.protocol.http.sampler.HTTPAbstractImpl.resultProcessing(HTTPAbstractImpl.java:306)
	at org.apache.jmeter.protocol.http.sampler.HTTPHC4Impl.sample(HTTPHC4Impl.java:387)
	at org.apache.jmeter.protocol.http.sampler.HTTPSamplerProxy.sample(HTTPSamplerProxy.java:74)
	at org.apache.jmeter.protocol.http.sampler.HTTPSamplerBase.sample(HTTPSamplerBase.java:1105)
	at org.apache.jmeter.protocol.http.sampler.HTTPSamplerBase.sample(HTTPSamplerBase.java:1094)
	at org.apache.jmeter.threads.JMeterThread.process_sampler(JMeterThread.java:429)
	at org.apache.jmeter.threads.JMeterThread.run(JMeterThread.java:257)
	at java.lang.Thread.run(Thread.java:745)

2016/08/26 15:17:21 INFO  - jmeter.threads.JMeterThread: Thread started: Thread Group 1-8 
2016/08/26 15:17:21 INFO  - jmeter.threads.JMeterThread: Stopping: Thread Group 1-9 
2016/08/26 15:17:21 INFO  - jmeter.threads.JMeterThread: Thread finished: Thread Group 1-8 
2016/08/26 15:17:21 INFO  - jmeter.threads.JMeterThread: Thread started: Thread Group 1-9 
2016/08/26 15:17:21 INFO  - jmeter.threads.JMeterThread: Thread finished: Thread Group 1-9 
2016/08/26 15:17:21 INFO  - jmeter.threads.JMeterThread: Thread finished: Thread Group 1-1 
2016/08/26 15:17:21 INFO  - jmeter.threads.JMeterThread: Thread finished: Thread Group 1-4 
2016/08/26 15:17:21 INFO  - jmeter.threads.JMeterThread: Thread finished: Thread Group 1-3 
2016/08/26 15:17:21 INFO  - jmeter.threads.JMeterThread: Thread finished: Thread Group 1-2 
2016/08/26 15:17:21 INFO  - jmeter.engine.StandardJMeterEngine: Notifying test listeners of end of test 
2016/08/26 15:17:21 INFO  - jmeter.services.FileServer: Close: jt_node.csv 
2016/08/26 15:17:21 INFO  - jmeter.services.FileServer: Close: jt_hosts.csv 
2016/08/26 15:17:21 INFO  - jmeter.gui.util.JMeterMenuBar: setRunning(false,*local*) 
2016/08/26 15:17:38 INFO  - jmeter.engine.StandardJMeterEngine: Running the test! 
2016/08/26 15:17:38 INFO  - jmeter.samplers.SampleEvent: List of sample_variables: [] 
2016/08/26 15:17:38 INFO  - jmeter.gui.util.JMeterMenuBar: setRunning(true,*local*) 
2016/08/26 15:17:38 INFO  - jmeter.engine.StandardJMeterEngine: Starting ThreadGroup: 1 : Thread Group 
2016/08/26 15:17:38 INFO  - jmeter.engine.StandardJMeterEngine: Starting 10 threads for group Thread Group. 
2016/08/26 15:17:38 INFO  - jmeter.engine.StandardJMeterEngine: Thread will start next loop on error 
2016/08/26 15:17:38 INFO  - jmeter.threads.ThreadGroup: Starting thread group number 1 threads 10 ramp-up 60 perThread 6000.0 delayedStart=false 
2016/08/26 15:17:38 INFO  - jmeter.threads.JMeterThread: Thread started: Thread Group 1-1 
2016/08/26 15:17:38 INFO  - jmeter.services.FileServer: Stored: jt_hosts.csv 
2016/08/26 15:17:38 INFO  - jmeter.services.FileServer: Stored: jt_node.csv 
2016/08/26 15:17:38 INFO  - jmeter.threads.ThreadGroup: Started thread group number 1 
2016/08/26 15:17:38 INFO  - jmeter.engine.StandardJMeterEngine: Starting ThreadGroup: 2 : Thread Group 
2016/08/26 15:17:38 INFO  - jmeter.engine.StandardJMeterEngine: Starting 0 threads for group Thread Group. 
2016/08/26 15:17:38 INFO  - jmeter.engine.StandardJMeterEngine: Thread will continue on error 
2016/08/26 15:17:38 INFO  - jmeter.threads.ThreadGroup: Starting thread group number 2 threads 0 ramp-up 1 perThread Infinity delayedStart=false 
2016/08/26 15:17:38 INFO  - jmeter.threads.ThreadGroup: Started thread group number 2 
2016/08/26 15:17:38 INFO  - jmeter.engine.StandardJMeterEngine: All thread groups have been started 
2016/08/26 15:17:44 INFO  - jmeter.threads.JMeterThread: Thread started: Thread Group 1-2 
2016/08/26 15:17:47 INFO  - jmeter.gui.action.Start: Stopping test 
2016/08/26 15:17:47 INFO  - jmeter.threads.JMeterThread: Stopping: Thread Group 1-6 
2016/08/26 15:17:47 INFO  - jmeter.threads.JMeterThread: Stopping: Thread Group 1-3 
2016/08/26 15:17:47 INFO  - jmeter.threads.JMeterThread: Stopping: Thread Group 1-9 
2016/08/26 15:17:47 INFO  - jmeter.threads.JMeterThread: Thread started: Thread Group 1-6 
2016/08/26 15:17:47 INFO  - jmeter.threads.JMeterThread: Stopping: Thread Group 1-10 
2016/08/26 15:17:47 INFO  - jmeter.threads.JMeterThread: Thread started: Thread Group 1-9 
2016/08/26 15:17:47 INFO  - jmeter.threads.JMeterThread: Thread started: Thread Group 1-3 
2016/08/26 15:17:47 INFO  - jmeter.threads.JMeterThread: Thread finished: Thread Group 1-6 
2016/08/26 15:17:47 INFO  - jmeter.threads.JMeterThread: Thread finished: Thread Group 1-9 
2016/08/26 15:17:47 INFO  - jmeter.threads.JMeterThread: Stopping: Thread Group 1-7 
2016/08/26 15:17:47 INFO  - jmeter.threads.JMeterThread: Thread finished: Thread Group 1-3 
2016/08/26 15:17:47 INFO  - jmeter.threads.JMeterThread: Stopping: Thread Group 1-1 
2016/08/26 15:17:47 INFO  - jmeter.threads.JMeterThread: Thread started: Thread Group 1-10 
2016/08/26 15:17:47 WARN  - jmeter.threads.JMeterThread: Interrupting: Thread Group 1-1 sampler: / 
2016/08/26 15:17:47 INFO  - jmeter.threads.JMeterThread: Thread started: Thread Group 1-7 
2016/08/26 15:17:47 INFO  - jmeter.threads.JMeterThread: Thread finished: Thread Group 1-10 
2016/08/26 15:17:47 WARN  - jmeter.threads.JMeterThread: No operation pending 
2016/08/26 15:17:47 INFO  - jmeter.threads.JMeterThread: Thread finished: Thread Group 1-7 
2016/08/26 15:17:47 INFO  - jmeter.threads.JMeterThread: Stopping: Thread Group 1-5 
2016/08/26 15:17:47 WARN  - jmeter.protocol.http.sampler.HTTPSamplerBase: Interruped fetching embedded resources java.lang.InterruptedException
	at java.util.concurrent.FutureTask.awaitDone(FutureTask.java:404)
	at java.util.concurrent.FutureTask.get(FutureTask.java:191)
	at java.util.concurrent.AbstractExecutorService.invokeAll(AbstractExecutorService.java:244)
	at org.apache.jmeter.protocol.http.sampler.HTTPSamplerBase.downloadPageResources(HTTPSamplerBase.java:1270)
	at org.apache.jmeter.protocol.http.sampler.HTTPSamplerBase.resultProcessing(HTTPSamplerBase.java:1501)
	at org.apache.jmeter.protocol.http.sampler.HTTPAbstractImpl.resultProcessing(HTTPAbstractImpl.java:306)
	at org.apache.jmeter.protocol.http.sampler.HTTPHC4Impl.sample(HTTPHC4Impl.java:387)
	at org.apache.jmeter.protocol.http.sampler.HTTPSamplerProxy.sample(HTTPSamplerProxy.java:74)
	at org.apache.jmeter.protocol.http.sampler.HTTPSamplerBase.sample(HTTPSamplerBase.java:1105)
	at org.apache.jmeter.protocol.http.sampler.HTTPSamplerBase.sample(HTTPSamplerBase.java:1094)
	at org.apache.jmeter.threads.JMeterThread.process_sampler(JMeterThread.java:429)
	at org.apache.jmeter.threads.JMeterThread.run(JMeterThread.java:257)
	at java.lang.Thread.run(Thread.java:745)

2016/08/26 15:17:47 INFO  - jmeter.threads.JMeterThread: Thread started: Thread Group 1-5 
2016/08/26 15:17:47 INFO  - jmeter.threads.JMeterThread: Stopping: Thread Group 1-4 
2016/08/26 15:17:47 INFO  - jmeter.threads.JMeterThread: Thread finished: Thread Group 1-5 
2016/08/26 15:17:47 INFO  - jmeter.threads.JMeterThread: Stopping: Thread Group 1-2 
2016/08/26 15:17:47 INFO  - jmeter.threads.JMeterThread: Thread started: Thread Group 1-4 
2016/08/26 15:17:47 WARN  - jmeter.threads.JMeterThread: Interrupting: Thread Group 1-2 sampler: / 
2016/08/26 15:17:47 WARN  - jmeter.threads.JMeterThread: No operation pending 
2016/08/26 15:17:47 INFO  - jmeter.threads.JMeterThread: Stopping: Thread Group 1-8 
2016/08/26 15:17:47 INFO  - jmeter.threads.JMeterThread: Thread finished: Thread Group 1-4 
2016/08/26 15:17:47 INFO  - jmeter.threads.JMeterThread: Thread started: Thread Group 1-8 
2016/08/26 15:17:47 WARN  - jmeter.protocol.http.sampler.HTTPSamplerBase: Interruped fetching embedded resources java.lang.InterruptedException
	at java.util.concurrent.FutureTask.awaitDone(FutureTask.java:404)
	at java.util.concurrent.FutureTask.get(FutureTask.java:191)
	at java.util.concurrent.AbstractExecutorService.invokeAll(AbstractExecutorService.java:244)
	at org.apache.jmeter.protocol.http.sampler.HTTPSamplerBase.downloadPageResources(HTTPSamplerBase.java:1270)
	at org.apache.jmeter.protocol.http.sampler.HTTPSamplerBase.resultProcessing(HTTPSamplerBase.java:1501)
	at org.apache.jmeter.protocol.http.sampler.HTTPAbstractImpl.resultProcessing(HTTPAbstractImpl.java:306)
	at org.apache.jmeter.protocol.http.sampler.HTTPHC4Impl.sample(HTTPHC4Impl.java:387)
	at org.apache.jmeter.protocol.http.sampler.HTTPSamplerProxy.sample(HTTPSamplerProxy.java:74)
	at org.apache.jmeter.protocol.http.sampler.HTTPSamplerBase.sample(HTTPSamplerBase.java:1105)
	at org.apache.jmeter.protocol.http.sampler.HTTPSamplerBase.sample(HTTPSamplerBase.java:1094)
	at org.apache.jmeter.threads.JMeterThread.process_sampler(JMeterThread.java:429)
	at org.apache.jmeter.threads.JMeterThread.run(JMeterThread.java:257)
	at java.lang.Thread.run(Thread.java:745)

2016/08/26 15:17:47 INFO  - jmeter.threads.JMeterThread: Thread finished: Thread Group 1-8 
2016/08/26 15:17:47 INFO  - jmeter.threads.JMeterThread: Thread finished: Thread Group 1-2 
2016/08/26 15:17:47 INFO  - jmeter.threads.JMeterThread: Thread finished: Thread Group 1-1 
2016/08/26 15:17:47 INFO  - jmeter.engine.StandardJMeterEngine: Notifying test listeners of end of test 
2016/08/26 15:17:47 INFO  - jmeter.services.FileServer: Close: jt_node.csv 
2016/08/26 15:17:47 INFO  - jmeter.services.FileServer: Close: jt_hosts.csv 
2016/08/26 15:17:47 INFO  - jmeter.gui.util.JMeterMenuBar: setRunning(false,*local*) 
2016/08/26 15:17:52 INFO  - jmeter.engine.StandardJMeterEngine: Running the test! 
2016/08/26 15:17:52 INFO  - jmeter.samplers.SampleEvent: List of sample_variables: [] 
2016/08/26 15:17:52 INFO  - jmeter.gui.util.JMeterMenuBar: setRunning(true,*local*) 
2016/08/26 15:17:53 INFO  - jmeter.engine.StandardJMeterEngine: Starting ThreadGroup: 1 : Thread Group 
2016/08/26 15:17:53 INFO  - jmeter.engine.StandardJMeterEngine: Starting 10 threads for group Thread Group. 
2016/08/26 15:17:53 INFO  - jmeter.engine.StandardJMeterEngine: Thread will start next loop on error 
2016/08/26 15:17:53 INFO  - jmeter.threads.ThreadGroup: Starting thread group number 1 threads 10 ramp-up 60 perThread 6000.0 delayedStart=false 
2016/08/26 15:17:53 INFO  - jmeter.threads.JMeterThread: Thread started: Thread Group 1-1 
2016/08/26 15:17:53 INFO  - jmeter.services.FileServer: Stored: jt_hosts.csv 
2016/08/26 15:17:53 INFO  - jmeter.services.FileServer: Stored: jt_node.csv 
2016/08/26 15:17:53 INFO  - jmeter.threads.ThreadGroup: Started thread group number 1 
2016/08/26 15:17:53 INFO  - jmeter.engine.StandardJMeterEngine: Starting ThreadGroup: 2 : Thread Group 
2016/08/26 15:17:53 INFO  - jmeter.engine.StandardJMeterEngine: Starting 0 threads for group Thread Group. 
2016/08/26 15:17:53 INFO  - jmeter.engine.StandardJMeterEngine: Thread will continue on error 
2016/08/26 15:17:53 INFO  - jmeter.threads.ThreadGroup: Starting thread group number 2 threads 0 ramp-up 1 perThread Infinity delayedStart=false 
2016/08/26 15:17:53 INFO  - jmeter.threads.ThreadGroup: Started thread group number 2 
2016/08/26 15:17:53 INFO  - jmeter.engine.StandardJMeterEngine: All thread groups have been started 
2016/08/26 15:17:59 INFO  - jmeter.threads.JMeterThread: Thread started: Thread Group 1-2 
2016/08/26 15:18:05 INFO  - jmeter.threads.JMeterThread: Thread started: Thread Group 1-3 
2016/08/26 15:18:11 INFO  - jmeter.threads.JMeterThread: Thread started: Thread Group 1-4 
2016/08/26 15:18:17 INFO  - jmeter.threads.JMeterThread: Thread started: Thread Group 1-5 
2016/08/26 15:18:23 INFO  - jmeter.threads.JMeterThread: Thread started: Thread Group 1-6 
2016/08/26 15:18:29 INFO  - jmeter.threads.JMeterThread: Thread started: Thread Group 1-7 
2016/08/26 15:18:35 INFO  - jmeter.threads.JMeterThread: Thread started: Thread Group 1-8 
2016/08/26 15:18:41 INFO  - jmeter.threads.JMeterThread: Thread started: Thread Group 1-9 
2016/08/26 15:18:47 INFO  - jmeter.threads.JMeterThread: Thread started: Thread Group 1-10 
2016/08/26 15:44:34 INFO  - jmeter.reporters.ResultCollector: Shutdown hook started 
2016/08/26 15:44:34 INFO  - jmeter.reporters.ResultCollector: Shutdown hook ended 
